0 info it worked if it ends with ok
1 verbose cli [ '/usr/bin/nodejs', '/usr/bin/npm', 'run', 'test' ]
2 info using npm@3.10.10
3 info using node@v6.9.5
4 verbose run-script [ 'pretest', 'test', 'posttest' ]
5 info lifecycle dugnad_backend@~pretest: dugnad_backend@
6 silly lifecycle dugnad_backend@~pretest: no script for pretest, continuing
7 info lifecycle dugnad_backend@~test: dugnad_backend@
8 verbose lifecycle dugnad_backend@~test: unsafe-perm in lifecycle true
9 verbose lifecycle dugnad_backend@~test: PATH: /usr/lib/node_modules/npm/bin/node-gyp-bin:/home/alex/prog/node.js/backend/node_modules/.bin:/home/alex/torch/install/bin:/home/alex/torch/install/bin:/usr/local/bin:/usr/bin:/bin:/usr/local/games:/usr/games:/usr/lib/jvm/java-8-oracle/bin:/usr/lib/jvm/java-8-oracle/db/bin:/usr/lib/jvm/java-8-oracle/jre/bin
10 verbose lifecycle dugnad_backend@~test: CWD: /home/alex/prog/node.js/backend
11 silly lifecycle dugnad_backend@~test: Args: [ '-c', 'npm run clear && mocha' ]
12 silly lifecycle dugnad_backend@~test: Returned: code: 1  signal: null
13 info lifecycle dugnad_backend@~test: Failed to exec test script
14 verbose stack Error: dugnad_backend@ test: `npm run clear && mocha`
14 verbose stack Exit status 1
14 verbose stack     at EventEmitter.<anonymous> (/usr/lib/node_modules/npm/lib/utils/lifecycle.js:255:16)
14 verbose stack     at emitTwo (events.js:106:13)
14 verbose stack     at EventEmitter.emit (events.js:191:7)
14 verbose stack     at ChildProcess.<anonymous> (/usr/lib/node_modules/npm/lib/utils/spawn.js:40:14)
14 verbose stack     at emitTwo (events.js:106:13)
14 verbose stack     at ChildProcess.emit (events.js:191:7)
14 verbose stack     at maybeClose (internal/child_process.js:877:16)
14 verbose stack     at Process.ChildProcess._handle.onexit (internal/child_process.js:226:5)
15 verbose pkgid dugnad_backend@
16 verbose cwd /home/alex/prog/node.js/backend
17 error Linux 3.16.0-4-amd64
18 error argv "/usr/bin/nodejs" "/usr/bin/npm" "run" "test"
19 error node v6.9.5
20 error npm  v3.10.10
21 error code ELIFECYCLE
22 error dugnad_backend@ test: `npm run clear && mocha`
22 error Exit status 1
23 error Failed at the dugnad_backend@ test script 'npm run clear && mocha'.
23 error Make sure you have the latest version of node.js and npm installed.
23 error If you do, this is most likely a problem with the dugnad_backend package,
23 error not with npm itself.
23 error Tell the author that this fails on your system:
23 error     npm run clear && mocha
23 error You can get information on how to open an issue for this project with:
23 error     npm bugs dugnad_backend
23 error Or if that isn't available, you can get their info via:
23 error     npm owner ls dugnad_backend
23 error There is likely additional logging output above.
24 verbose exit [ 1, true ]
